# JRE version: OpenJDK Runtime Environment Temurin-11.0.12+7 (11.0.12+7) (build 11.0.12+7)
# Java VM: OpenJDK 64-Bit Server VM Temurin-11.0.12+7 (11.0.12+7, mixed mode, tiered, compressed oops, g1 gc, windows-amd64)
Heap:
 garbage-first heap   total 499712K, used 445885K [0x00000000e0000000, 0x0000000100000000)
  region size 1024K, 29 young (29696K), 1 survivors (1024K)
 Metaspace       used 31191K, capacity 31777K, committed 32000K, reserved 1077248K
  class space    used 3040K, capacity 3286K, committed 3328K, reserved 1048576K
GC Heap History (20 events):
Event: 12028.230 GC heap before
{Heap before GC invocations=2875 (full 0):
 garbage-first heap   total 497664K, used 443793K [0x00000000e0000000, 0x0000000100000000)
  region size 1024K, 28 young (28672K), 2 survivors (2048K)
 Metaspace       used 31189K, capacity 31777K, committed 32000K, reserved 1077248K
  class space    used 3040K, capacity 3286K, committed 3328K, reserved 1048576K
}
Event: 12028.235 GC heap after
{Heap after GC invocations=2876 (full 0):
 garbage-first heap   total 497664K, used 417091K [0x00000000e0000000, 0x0000000100000000)
  region size 1024K, 2 young (2048K), 2 survivors (2048K)
 Metaspace       used 31189K, capacity 31777K, committed 32000K, reserved 1077248K
  class space    used 3040K, capacity 3286K, committed 3328K, reserved 1048576K
}
Event: 12028.259 GC heap before
{Heap before GC invocations=2876 (full 0):
 garbage-first heap   total 497664K, used 443715K [0x00000000e0000000, 0x0000000100000000)
  region size 1024K, 28 young (28672K), 2 survivors (2048K)
 Metaspace       used 31189K, capacity 31777K, committed 32000K, reserved 1077248K
  class space    used 3040K, capacity 3286K, committed 3328K, reserved 1048576K
}
Event: 12028.271 GC heap after
{Heap after GC invocations=2877 (full 0):
 garbage-first heap   total 499712K, used 417243K [0x00000000e0000000, 0x0000000100000000)
  region size 1024K, 2 young (2048K), 2 survivors (2048K)
 Metaspace       used 31189K, capacity 31777K, committed 32000K, reserved 1077248K
  class space    used 3040K, capacity 3286K, committed 3328K, reserved 1048576K
}
Event: 12028.304 GC heap before
{Heap before GC invocations=2877 (full 0):
 garbage-first heap   total 499712K, used 444891K [0x00000000e0000000, 0x0000000100000000)
  region size 1024K, 29 young (29696K), 2 survivors (2048K)
 Metaspace       used 31189K, capacity 31777K, committed 32000K, reserved 1077248K
  class space    used 3040K, capacity 3286K, committed 3328K, reserved 1048576K
}
Event: 12028.309 GC heap after
{Heap after GC invocations=2878 (full 0):
 garbage-first heap   total 499712K, used 417147K [0x00000000e0000000, 0x0000000100000000)
  region size 1024K, 2 young (2048K), 2 survivors (2048K)
 Metaspace       used 31189K, capacity 31777K, committed 32000K, reserved 1077248K
  class space    used 3040K, capacity 3286K, committed 3328K, reserved 1048576K
}
Event: 12028.401 GC heap before
{Heap before GC invocations=2878 (full 0):
 garbage-first heap   total 499712K, used 444795K [0x00000000e0000000, 0x0000000100000000)
  region size 1024K, 29 young (29696K), 2 survivors (2048K)
 Metaspace       used 31189K, capacity 31777K, committed 32000K, reserved 1077248K
  class space    used 3040K, capacity 3286K, committed 3328K, reserved 1048576K
}
Event: 12028.406 GC heap after
{Heap after GC invocations=2879 (full 0):
 garbage-first heap   total 499712K, used 416996K [0x00000000e0000000, 0x0000000100000000)
  region size 1024K, 2 young (2048K), 2 survivors (2048K)
 Metaspace       used 31189K, capacity 31777K, committed 32000K, reserved 1077248K
  class space    used 3040K, capacity 3286K, committed 3328K, reserved 1048576K
}
Event: 12028.655 GC heap before
{Heap before GC invocations=2879 (full 0):
 garbage-first heap   total 499712K, used 444644K [0x00000000e0000000, 0x0000000100000000)
  region size 1024K, 29 young (29696K), 2 survivors (2048K)
 Metaspace       used 31191K, capacity 31777K, committed 32000K, reserved 1077248K
  class space    used 3040K, capacity 3286K, committed 3328K, reserved 1048576K
}
Event: 12028.660 GC heap after
{Heap after GC invocations=2880 (full 0):
 garbage-first heap   total 499712K, used 416857K [0x00000000e0000000, 0x0000000100000000)
  region size 1024K, 1 young (1024K), 1 survivors (1024K)
 Metaspace       used 31191K, capacity 31777K, committed 32000K, reserved 1077248K
  class space    used 3040K, capacity 3286K, committed 3328K, reserved 1048576K
}
Event: 12028.732 GC heap before
{Heap before GC invocations=2880 (full 0):
 garbage-first heap   total 499712K, used 444505K [0x00000000e0000000, 0x0000000100000000)
  region size 1024K, 28 young (28672K), 1 survivors (1024K)
 Metaspace       used 31191K, capacity 31777K, committed 32000K, reserved 1077248K
  class space    used 3040K, capacity 3286K, committed 3328K, reserved 1048576K
}
Event: 12028.736 GC heap after
{Heap after GC invocations=2881 (full 0):
 garbage-first heap   total 499712K, used 416962K [0x00000000e0000000, 0x0000000100000000)
  region size 1024K, 1 young (1024K), 1 survivors (1024K)
 Metaspace       used 31191K, capacity 31777K, committed 32000K, reserved 1077248K
  class space    used 3040K, capacity 3286K, committed 3328K, reserved 1048576K
}
Event: 12028.786 GC heap before
{Heap before GC invocations=2881 (full 0):
 garbage-first heap   total 499712K, used 444610K [0x00000000e0000000, 0x0000000100000000)
  region size 1024K, 28 young (28672K), 1 survivors (1024K)
 Metaspace       used 31191K, capacity 31777K, committed 32000K, reserved 1077248K
  class space    used 3040K, capacity 3286K, committed 3328K, reserved 1048576K
}
Event: 12028.789 GC heap after
{Heap after GC invocations=2882 (full 0):
 garbage-first heap   total 499712K, used 417105K [0x00000000e0000000, 0x0000000100000000)
  region size 1024K, 1 young (1024K), 1 survivors (1024K)
 Metaspace       used 31191K, capacity 31777K, committed 32000K, reserved 1077248K
  class space    used 3040K, capacity 3286K, committed 3328K, reserved 1048576K
}
Event: 12028.823 GC heap before
{Heap before GC invocations=2882 (full 0):
 garbage-first heap   total 499712K, used 444753K [0x00000000e0000000, 0x0000000100000000)
  region size 1024K, 28 young (28672K), 1 survivors (1024K)
 Metaspace       used 31191K, capacity 31777K, committed 32000K, reserved 1077248K
  class space    used 3040K, capacity 3286K, committed 3328K, reserved 1048576K
}
Event: 12028.825 GC heap after
{Heap after GC invocations=2883 (full 0):
 garbage-first heap   total 499712K, used 417093K [0x00000000e0000000, 0x0000000100000000)
  region size 1024K, 1 young (1024K), 1 survivors (1024K)
 Metaspace       used 31191K, capacity 31777K, committed 32000K, reserved 1077248K
  class space    used 3040K, capacity 3286K, committed 3328K, reserved 1048576K
}
Event: 12028.853 GC heap before
{Heap before GC invocations=2883 (full 0):
 garbage-first heap   total 499712K, used 445765K [0x00000000e0000000, 0x0000000100000000)
  region size 1024K, 29 young (29696K), 1 survivors (1024K)
 Metaspace       used 31191K, capacity 31777K, committed 32000K, reserved 1077248K
  class space    used 3040K, capacity 3286K, committed 3328K, reserved 1048576K
}
Event: 12028.856 GC heap after
{Heap after GC invocations=2884 (full 0):
 garbage-first heap   total 499712K, used 417165K [0x00000000e0000000, 0x0000000100000000)
  region size 1024K, 1 young (1024K), 1 survivors (1024K)
 Metaspace       used 31191K, capacity 31777K, committed 32000K, reserved 1077248K
  class space    used 3040K, capacity 3286K, committed 3328K, reserved 1048576K
}
Event: 12028.881 GC heap before
{Heap before GC invocations=2884 (full 0):
 garbage-first heap   total 499712K, used 445837K [0x00000000e0000000, 0x0000000100000000)
  region size 1024K, 29 young (29696K), 1 survivors (1024K)
 Metaspace       used 31191K, capacity 31777K, committed 32000K, reserved 1077248K
  class space    used 3040K, capacity 3286K, committed 3328K, reserved 1048576K
}
Event: 12028.884 GC heap after
{Heap after GC invocations=2885 (full 0):
 garbage-first heap   total 499712K, used 417213K [0x00000000e0000000, 0x0000000100000000)
  region size 1024K, 1 young (1024K), 1 survivors (1024K)
 Metaspace       used 31191K, capacity 31777K, committed 32000K, reserved 1077248K
  class space    used 3040K, capacity 3286K, committed 3328K, reserved 1048576K
}

